# JRE version: Java(TM) SE Runtime Environment (8.0_291-b10) (build 1.8.0_291-b10)
# Java VM: Java HotSpot(TM) 64-Bit Server VM (25.291-b10 mixed mode windows-amd64 compressed oops)
Heap:
 PSYoungGen      total 635904K, used 240577K [0x00000000d5580000, 0x0000000100000000, 0x0000000100000000)
  eden space 570880K, 41% used [0x00000000d5580000,0x00000000e3a6c610,0x00000000f8300000)
  from space 65024K, 9% used [0x00000000fc080000,0x00000000fc684010,0x0000000100000000)
  to   space 62976K, 0% used [0x00000000f8300000,0x00000000f8300000,0x00000000fc080000)
 ParOldGen       total 1398272K, used 827300K [0x0000000080000000, 0x00000000d5580000, 0x00000000d5580000)
  object space 1398272K, 59% used [0x0000000080000000,0x00000000b27e90e8,0x00000000d5580000)
 Metaspace       used 195363K, capacity 209236K, committed 216704K, reserved 1239040K
  class space    used 24115K, capacity 26274K, committed 27520K, reserved 1048576K
GC Heap History (10 events):
Event: 25615.421 GC heap before
{Heap before GC invocations=2469 (full 61):
 PSYoungGen      total 662528K, used 636992K [0x00000000d5580000, 0x00000000ffb80000, 0x0000000100000000)
  eden space 633856K, 100% used [0x00000000d5580000,0x00000000fc080000,0x00000000fc080000)
  from space 28672K, 10% used [0x00000000fc080000,0x00000000fc390000,0x00000000fdc80000)
  to   space 27136K, 0% used [0x00000000fe100000,0x00000000fe100000,0x00000000ffb80000)
 ParOldGen       total 1398272K, used 700845K [0x0000000080000000, 0x00000000d5580000, 0x00000000d5580000)
  object space 1398272K, 50% used [0x0000000080000000,0x00000000aac6b5f0,0x00000000d5580000)
 Metaspace       used 195334K, capacity 209168K, committed 216704K, reserved 1239040K
  class space    used 24115K, capacity 26274K, committed 27520K, reserved 1048576K
Event: 25615.432 GC heap after
Heap after GC invocations=2469 (full 61):
 PSYoungGen      total 668160K, used 3680K [0x00000000d5580000, 0x00000000ffa80000, 0x0000000100000000)
  eden space 642048K, 0% used [0x00000000d5580000,0x00000000d5580000,0x00000000fc880000)
  from space 26112K, 14% used [0x00000000fe100000,0x00000000fe498040,0x00000000ffa80000)
  to   space 25088K, 0% used [0x00000000fc880000,0x00000000fc880000,0x00000000fe100000)
 ParOldGen       total 1398272K, used 703405K [0x0000000080000000, 0x00000000d5580000, 0x00000000d5580000)
  object space 1398272K, 50% used [0x0000000080000000,0x00000000aaeeb5f0,0x00000000d5580000)
 Metaspace       used 195334K, capacity 209168K, committed 216704K, reserved 1239040K
  class space    used 24115K, capacity 26274K, committed 27520K, reserved 1048576K
}
Event: 25616.908 GC heap before
{Heap before GC invocations=2470 (full 61):
 PSYoungGen      total 668160K, used 645728K [0x00000000d5580000, 0x00000000ffa80000, 0x0000000100000000)
  eden space 642048K, 100% used [0x00000000d5580000,0x00000000fc880000,0x00000000fc880000)
  from space 26112K, 14% used [0x00000000fe100000,0x00000000fe498040,0x00000000ffa80000)
  to   space 25088K, 0% used [0x00000000fc880000,0x00000000fc880000,0x00000000fe100000)
 ParOldGen       total 1398272K, used 703405K [0x0000000080000000, 0x00000000d5580000, 0x00000000d5580000)
  object space 1398272K, 50% used [0x0000000080000000,0x00000000aaeeb5f0,0x00000000d5580000)
 Metaspace       used 195334K, capacity 209168K, committed 216704K, reserved 1239040K
  class space    used 24115K, capacity 26274K, committed 27520K, reserved 1048576K
Event: 25616.957 GC heap after
Heap after GC invocations=2470 (full 61):
 PSYoungGen      total 667136K, used 25075K [0x00000000d5580000, 0x0000000100000000, 0x0000000100000000)
  eden space 642048K, 0% used [0x00000000d5580000,0x00000000d5580000,0x00000000fc880000)
  from space 25088K, 99% used [0x00000000fc880000,0x00000000fe0fcd58,0x00000000fe100000)
  to   space 31744K, 0% used [0x00000000fe100000,0x00000000fe100000,0x0000000100000000)
 ParOldGen       total 1398272K, used 791143K [0x0000000080000000, 0x00000000d5580000, 0x00000000d5580000)
  object space 1398272K, 56% used [0x0000000080000000,0x00000000b0499c70,0x00000000d5580000)
 Metaspace       used 195334K, capacity 209168K, committed 216704K, reserved 1239040K
  class space    used 24115K, capacity 26274K, committed 27520K, reserved 1048576K
}
Event: 25617.994 GC heap before
{Heap before GC invocations=2471 (full 61):
 PSYoungGen      total 667136K, used 667123K [0x00000000d5580000, 0x0000000100000000, 0x0000000100000000)
  eden space 642048K, 100% used [0x00000000d5580000,0x00000000fc880000,0x00000000fc880000)
  from space 25088K, 99% used [0x00000000fc880000,0x00000000fe0fcd58,0x00000000fe100000)
  to   space 31744K, 0% used [0x00000000fe100000,0x00000000fe100000,0x0000000100000000)
 ParOldGen       total 1398272K, used 791143K [0x0000000080000000, 0x00000000d5580000, 0x00000000d5580000)
  object space 1398272K, 56% used [0x0000000080000000,0x00000000b0499c70,0x00000000d5580000)
 Metaspace       used 195335K, capacity 209168K, committed 216704K, reserved 1239040K
  class space    used 24115K, capacity 26274K, committed 27520K, reserved 1048576K
Event: 25618.018 GC heap after
Heap after GC invocations=2471 (full 61):
 PSYoungGen      total 611840K, used 19993K [0x00000000d5580000, 0x0000000100000000, 0x0000000100000000)
  eden space 580096K, 0% used [0x00000000d5580000,0x00000000d5580000,0x00000000f8c00000)
  from space 31744K, 62% used [0x00000000fe100000,0x00000000ff486400,0x0000000100000000)
  to   space 59392K, 0% used [0x00000000f8c00000,0x00000000f8c00000,0x00000000fc600000)
 ParOldGen       total 1398272K, used 814670K [0x0000000080000000, 0x00000000d5580000, 0x00000000d5580000)
  object space 1398272K, 58% used [0x0000000080000000,0x00000000b1b93a68,0x00000000d5580000)
 Metaspace       used 195335K, capacity 209168K, committed 216704K, reserved 1239040K
  class space    used 24115K, capacity 26274K, committed 27520K, reserved 1048576K
}
Event: 25618.413 GC heap before
{Heap before GC invocations=2472 (full 61):
 PSYoungGen      total 611840K, used 600089K [0x00000000d5580000, 0x0000000100000000, 0x0000000100000000)
  eden space 580096K, 100% used [0x00000000d5580000,0x00000000f8c00000,0x00000000f8c00000)
  from space 31744K, 62% used [0x00000000fe100000,0x00000000ff486400,0x0000000100000000)
  to   space 59392K, 0% used [0x00000000f8c00000,0x00000000f8c00000,0x00000000fc600000)
 ParOldGen       total 1398272K, used 814670K [0x0000000080000000, 0x00000000d5580000, 0x00000000d5580000)
  object space 1398272K, 58% used [0x0000000080000000,0x00000000b1b93a68,0x00000000d5580000)
 Metaspace       used 195335K, capacity 209168K, committed 216704K, reserved 1239040K
  class space    used 24115K, capacity 26274K, committed 27520K, reserved 1048576K
Event: 25618.446 GC heap after
Heap after GC invocations=2472 (full 61):
 PSYoungGen      total 623616K, used 43464K [0x00000000d5580000, 0x0000000100000000, 0x0000000100000000)
  eden space 580096K, 0% used [0x00000000d5580000,0x00000000d5580000,0x00000000f8c00000)
  from space 43520K, 99% used [0x00000000f8c00000,0x00000000fb6722a0,0x00000000fb680000)
  to   space 65024K, 0% used [0x00000000fc080000,0x00000000fc080000,0x0000000100000000)
 ParOldGen       total 1398272K, used 818180K [0x0000000080000000, 0x00000000d5580000, 0x00000000d5580000)
  object space 1398272K, 58% used [0x0000000080000000,0x00000000b1f010d8,0x00000000d5580000)
 Metaspace       used 195335K, capacity 209168K, committed 216704K, reserved 1239040K
  class space    used 24115K, capacity 26274K, committed 27520K, reserved 1048576K
}
Event: 25619.826 GC heap before
{Heap before GC invocations=2473 (full 61):
 PSYoungGen      total 623616K, used 623560K [0x00000000d5580000, 0x0000000100000000, 0x0000000100000000)
  eden space 580096K, 100% used [0x00000000d5580000,0x00000000f8c00000,0x00000000f8c00000)
  from space 43520K, 99% used [0x00000000f8c00000,0x00000000fb6722a0,0x00000000fb680000)
  to   space 65024K, 0% used [0x00000000fc080000,0x00000000fc080000,0x0000000100000000)
 ParOldGen       total 1398272K, used 818180K [0x0000000080000000, 0x00000000d5580000, 0x00000000d5580000)
  object space 1398272K, 58% used [0x0000000080000000,0x00000000b1f010d8,0x00000000d5580000)
 Metaspace       used 195336K, capacity 209168K, committed 216704K, reserved 1239040K
  class space    used 24115K, capacity 26274K, committed 27520K, reserved 1048576K
Event: 25619.843 GC heap after
Heap after GC invocations=2473 (full 61):
 PSYoungGen      total 635904K, used 6160K [0x00000000d5580000, 0x0000000100000000, 0x0000000100000000)
  eden space 570880K, 0% used [0x00000000d5580000,0x00000000d5580000,0x00000000f8300000)
  from space 65024K, 9% used [0x00000000fc080000,0x00000000fc684010,0x0000000100000000)
  to   space 62976K, 0% used [0x00000000f8300000,0x00000000f8300000,0x00000000fc080000)
 ParOldGen       total 1398272K, used 827300K [0x0000000080000000, 0x00000000d5580000, 0x00000000d5580000)
  object space 1398272K, 59% used [0x0000000080000000,0x00000000b27e90e8,0x00000000d5580000)
 Metaspace       used 195336K, capacity 209168K, committed 216704K, reserved 1239040K
  class space    used 24115K, capacity 26274K, committed 27520K, reserved 1048576K
}

